  IOSLab.cpp
C:\Users\miguelrodriguez\Desktop\CGIH\IOS Lab\configInicial\IOSLab.cpp(201,24): warning C4244: 'inicializando': conversión de 'double' a 'GLfloat'; posible pérdida de datos
C:\Users\miguelrodriguez\Desktop\CGIH\IOS Lab\configInicial\IOSLab.cpp(240,21): warning C4244: '=': conversión de 'double' a 'T'; posible pérdida de datos
C:\Users\miguelrodriguez\Desktop\CGIH\IOS Lab\configInicial\IOSLab.cpp(240,21): warning C4244:         with
C:\Users\miguelrodriguez\Desktop\CGIH\IOS Lab\configInicial\IOSLab.cpp(240,21): warning C4244:         [
C:\Users\miguelrodriguez\Desktop\CGIH\IOS Lab\configInicial\IOSLab.cpp(240,21): warning C4244:             T=float
C:\Users\miguelrodriguez\Desktop\CGIH\IOS Lab\configInicial\IOSLab.cpp(240,21): warning C4244:         ]
C:\Users\miguelrodriguez\Desktop\CGIH\IOS Lab\configInicial\IOSLab.cpp(241,21): warning C4244: '=': conversión de 'double' a 'T'; posible pérdida de datos
C:\Users\miguelrodriguez\Desktop\CGIH\IOS Lab\configInicial\IOSLab.cpp(241,21): warning C4244:         with
C:\Users\miguelrodriguez\Desktop\CGIH\IOS Lab\configInicial\IOSLab.cpp(241,21): warning C4244:         [
C:\Users\miguelrodriguez\Desktop\CGIH\IOS Lab\configInicial\IOSLab.cpp(241,21): warning C4244:             T=float
C:\Users\miguelrodriguez\Desktop\CGIH\IOS Lab\configInicial\IOSLab.cpp(241,21): warning C4244:         ]
C:\Users\miguelrodriguez\Desktop\CGIH\IOS Lab\configInicial\IOSLab.cpp(242,21): warning C4244: '=': conversión de 'double' a 'T'; posible pérdida de datos
C:\Users\miguelrodriguez\Desktop\CGIH\IOS Lab\configInicial\IOSLab.cpp(242,21): warning C4244:         with
C:\Users\miguelrodriguez\Desktop\CGIH\IOS Lab\configInicial\IOSLab.cpp(242,21): warning C4244:         [
C:\Users\miguelrodriguez\Desktop\CGIH\IOS Lab\configInicial\IOSLab.cpp(242,21): warning C4244:             T=float
C:\Users\miguelrodriguez\Desktop\CGIH\IOS Lab\configInicial\IOSLab.cpp(242,21): warning C4244:         ]
C:\Users\miguelrodriguez\Desktop\CGIH\IOS Lab\configInicial\IOSLab.cpp(764,11): warning C4244: '=': conversión de 'double' a 'GLfloat'; posible pérdida de datos
C:\Users\miguelrodriguez\Desktop\CGIH\IOS Lab\configInicial\IOSLab.cpp(765,11): warning C4244: '=': conversión de 'double' a 'GLfloat'; posible pérdida de datos
C:\Users\miguelrodriguez\Desktop\CGIH\IOS Lab\configInicial\IOSLab.cpp(769,18): warning C4244: 'inicializando': conversión de 'double' a 'GLfloat'; posible pérdida de datos
C:\Users\miguelrodriguez\Desktop\CGIH\IOS Lab\configInicial\IOSLab.cpp(770,18): warning C4244: 'inicializando': conversión de 'double' a 'GLfloat'; posible pérdida de datos
C:\Users\miguelrodriguez\Desktop\CGIH\IOS Lab\configInicial\IOSLab.cpp(772,10): warning C4244: '=': conversión de 'double' a 'GLfloat'; posible pérdida de datos
C:\Users\miguelrodriguez\Desktop\CGIH\IOS Lab\configInicial\IOSLab.cpp(773,10): warning C4244: '=': conversión de 'double' a 'GLfloat'; posible pérdida de datos
soil2-debug.lib(SOIL2.obj) : warning LNK4099: no se encontró PDB '' con 'soil2-debug.lib(SOIL2.obj)' o en ''; se vinculará el objeto sin tener en cuenta información de depuración
soil2-debug.lib(image_DXT.obj) : warning LNK4099: no se encontró PDB '' con 'soil2-debug.lib(image_DXT.obj)' o en ''; se vinculará el objeto sin tener en cuenta información de depuración
soil2-debug.lib(etc1_utils.obj) : warning LNK4099: no se encontró PDB '' con 'soil2-debug.lib(etc1_utils.obj)' o en ''; se vinculará el objeto sin tener en cuenta información de depuración
soil2-debug.lib(image_helper.obj) : warning LNK4099: no se encontró PDB '' con 'soil2-debug.lib(image_helper.obj)' o en ''; se vinculará el objeto sin tener en cuenta información de depuración
LINK : warning LNK4098: la biblioteca predeterminada'MSVCRT' entra en conflicto con otras bibliotecas; use la biblioteca /NODEFAULTLIB:biblioteca
  configInicial.vcxproj -> C:\Users\miguelrodriguez\Desktop\CGIH\IOS Lab\Debug\configInicial.exe
